# JRE version: OpenJDK Runtime Environment Temurin-11.0.13+8 (11.0.13+8) (build 11.0.13+8)
# Java VM: OpenJDK 64-Bit Server VM Temurin-11.0.13+8 (11.0.13+8, mixed mode, tiered, compressed oops, g1 gc, windows-amd64)
Heap:
 garbage-first heap   total 1993728K, used 231924K [0x0000000701a00000, 0x0000000800000000)
  region size 1024K, 4 young (4096K), 4 survivors (4096K)
 Metaspace       used 3610K, capacity 4490K, committed 4864K, reserved 1056768K
  class space    used 314K, capacity 386K, committed 512K, reserved 1048576K
GC Heap History (17 events):
Event: 0.065 GC heap before
{Heap before GC invocations=0 (full 0):
 garbage-first heap   total 262144K, used 23552K [0x0000000701a00000, 0x0000000800000000)
  region size 1024K, 24 young (24576K), 0 survivors (0K)
 Metaspace       used 3610K, capacity 4490K, committed 4864K, reserved 1056768K
  class space    used 314K, capacity 386K, committed 512K, reserved 1048576K
}
Event: 0.069 GC heap after
{Heap after GC invocations=1 (full 0):
 garbage-first heap   total 262144K, used 24302K [0x0000000701a00000, 0x0000000800000000)
  region size 1024K, 3 young (3072K), 3 survivors (3072K)
 Metaspace       used 3610K, capacity 4490K, committed 4864K, reserved 1056768K
  class space    used 314K, capacity 386K, committed 512K, reserved 1048576K
}
Event: 0.070 GC heap before
{Heap before GC invocations=1 (full 0):
 garbage-first heap   total 262144K, used 37614K [0x0000000701a00000, 0x0000000800000000)
  region size 1024K, 17 young (17408K), 3 survivors (3072K)
 Metaspace       used 3610K, capacity 4490K, committed 4864K, reserved 1056768K
  class space    used 314K, capacity 386K, committed 512K, reserved 1048576K
}
Event: 0.073 GC heap after
{Heap after GC invocations=2 (full 0):
 garbage-first heap   total 262144K, used 38388K [0x0000000701a00000, 0x0000000800000000)
  region size 1024K, 3 young (3072K), 3 survivors (3072K)
 Metaspace       used 3610K, capacity 4490K, committed 4864K, reserved 1056768K
  class space    used 314K, capacity 386K, committed 512K, reserved 1048576K
}
Event: 0.076 GC heap before
{Heap before GC invocations=2 (full 0):
 garbage-first heap   total 262144K, used 65012K [0x0000000701a00000, 0x0000000800000000)
  region size 1024K, 30 young (30720K), 3 survivors (3072K)
 Metaspace       used 3610K, capacity 4490K, committed 4864K, reserved 1056768K
  class space    used 314K, capacity 386K, committed 512K, reserved 1048576K
}
Event: 0.081 GC heap after
{Heap after GC invocations=3 (full 0):
 garbage-first heap   total 262144K, used 66036K [0x0000000701a00000, 0x0000000800000000)
  region size 1024K, 4 young (4096K), 4 survivors (4096K)
 Metaspace       used 3610K, capacity 4490K, committed 4864K, reserved 1056768K
  class space    used 314K, capacity 386K, committed 512K, reserved 1048576K
}
Event: 0.083 GC heap before
{Heap before GC invocations=3 (full 0):
 garbage-first heap   total 262144K, used 90612K [0x0000000701a00000, 0x0000000800000000)
  region size 1024K, 29 young (29696K), 4 survivors (4096K)
 Metaspace       used 3610K, capacity 4490K, committed 4864K, reserved 1056768K
  class space    used 314K, capacity 386K, committed 512K, reserved 1048576K
}
Event: 0.088 GC heap after
{Heap after GC invocations=4 (full 0):
 garbage-first heap   total 262144K, used 91636K [0x0000000701a00000, 0x0000000800000000)
  region size 1024K, 4 young (4096K), 4 survivors (4096K)
 Metaspace       used 3610K, capacity 4490K, committed 4864K, reserved 1056768K
  class space    used 314K, capacity 386K, committed 512K, reserved 1048576K
}
Event: 0.089 GC heap before
{Heap before GC invocations=4 (full 0):
 garbage-first heap   total 262144K, used 116212K [0x0000000701a00000, 0x0000000800000000)
  region size 1024K, 29 young (29696K), 4 survivors (4096K)
 Metaspace       used 3610K, capacity 4490K, committed 4864K, reserved 1056768K
  class space    used 314K, capacity 386K, committed 512K, reserved 1048576K
}
Event: 0.099 GC heap after
{Heap after GC invocations=5 (full 0):
 garbage-first heap   total 664576K, used 117236K [0x0000000701a00000, 0x0000000800000000)
  region size 1024K, 4 young (4096K), 4 survivors (4096K)
 Metaspace       used 3610K, capacity 4490K, committed 4864K, reserved 1056768K
  class space    used 314K, capacity 386K, committed 512K, reserved 1048576K
}
Event: 0.107 GC heap before
{Heap before GC invocations=5 (full 0):
 garbage-first heap   total 664576K, used 144884K [0x0000000701a00000, 0x0000000800000000)
  region size 1024K, 32 young (32768K), 4 survivors (4096K)
 Metaspace       used 3610K, capacity 4490K, committed 4864K, reserved 1056768K
  class space    used 314K, capacity 386K, committed 512K, reserved 1048576K
}
Event: 0.112 GC heap after
{Heap after GC invocations=6 (full 0):
 garbage-first heap   total 664576K, used 145908K [0x0000000701a00000, 0x0000000800000000)
  region size 1024K, 4 young (4096K), 4 survivors (4096K)
 Metaspace       used 3610K, capacity 4490K, committed 4864K, reserved 1056768K
  class space    used 314K, capacity 386K, committed 512K, reserved 1048576K
}
Event: 0.115 GC heap before
{Heap before GC invocations=6 (full 0):
 garbage-first heap   total 664576K, used 173556K [0x0000000701a00000, 0x0000000800000000)
  region size 1024K, 32 young (32768K), 4 survivors (4096K)
 Metaspace       used 3610K, capacity 4490K, committed 4864K, reserved 1056768K
  class space    used 314K, capacity 386K, committed 512K, reserved 1048576K
}
Event: 0.121 GC heap after
{Heap after GC invocations=7 (full 0):
 garbage-first heap   total 664576K, used 174580K [0x0000000701a00000, 0x0000000800000000)
  region size 1024K, 4 young (4096K), 4 survivors (4096K)
 Metaspace       used 3610K, capacity 4490K, committed 4864K, reserved 1056768K
  class space    used 314K, capacity 386K, committed 512K, reserved 1048576K
}
Event: 0.123 GC heap before
{Heap before GC invocations=7 (full 0):
 garbage-first heap   total 664576K, used 202228K [0x0000000701a00000, 0x0000000800000000)
  region size 1024K, 32 young (32768K), 4 survivors (4096K)
 Metaspace       used 3610K, capacity 4490K, committed 4864K, reserved 1056768K
  class space    used 314K, capacity 386K, committed 512K, reserved 1048576K
}
Event: 0.129 GC heap after
{Heap after GC invocations=8 (full 0):
 garbage-first heap   total 664576K, used 203252K [0x0000000701a00000, 0x0000000800000000)
  region size 1024K, 4 young (4096K), 4 survivors (4096K)
 Metaspace       used 3610K, capacity 4490K, committed 4864K, reserved 1056768K
  class space    used 314K, capacity 386K, committed 512K, reserved 1048576K
}
Event: 0.131 GC heap before
{Heap before GC invocations=8 (full 0):
 garbage-first heap   total 664576K, used 230900K [0x0000000701a00000, 0x0000000800000000)
  region size 1024K, 32 young (32768K), 4 survivors (4096K)
 Metaspace       used 3610K, capacity 4490K, committed 4864K, reserved 1056768K
  class space    used 314K, capacity 386K, committed 512K, reserved 1048576K
}

